Cloning from https://github.com/firewalld/firewalld
Enumerating objects: 33367, done.
Counting objects:   0% (1/2849)
Counting objects:   1% (29/2849)
Counting objects:   2% (57/2849)
Counting objects:   3% (86/2849)
Counting objects:   4% (114/2849)
Counting objects:   5% (143/2849)
Counting objects:   6% (171/2849)
Counting objects:   7% (200/2849)
Counting objects:   8% (228/2849)
Counting objects:   9% (257/2849)
Counting objects:  10% (285/2849)
Counting objects:  11% (314/2849)
Counting objects:  12% (342/2849)
Counting objects:  13% (371/2849)
Counting objects:  14% (399/2849)
Counting objects:  15% (428/2849)
Counting objects:  16% (456/2849)
Counting objects:  17% (485/2849)
Counting objects:  18% (513/2849)
Counting objects:  19% (542/2849)
Counting objects:  20% (570/2849)
Counting objects:  21% (599/2849)
Counting objects:  22% (627/2849)
Counting objects:  23% (656/2849)
Counting objects:  24% (684/2849)
Counting objects:  25% (713/2849)
Counting objects:  26% (741/2849)
Counting objects:  27% (770/2849)
Counting objects:  28% (798/2849)
Counting objects:  29% (827/2849)
Counting objects:  30% (855/2849)
Counting objects:  31% (884/2849)
Counting objects:  32% (912/2849)
Counting objects:  33% (941/2849)
Counting objects:  34% (969/2849)
Counting objects:  35% (998/2849)
Counting objects:  36% (1026/2849)
Counting objects:  37% (1055/2849)
Counting objects:  38% (1083/2849)
Counting objects:  39% (1112/2849)
Counting objects:  40% (1140/2849)
Counting objects:  41% (1169/2849)
Counting objects:  42% (1197/2849)
Counting objects:  43% (1226/2849)
Counting objects:  44% (1254/2849)
Counting objects:  45% (1283/2849)
Counting objects:  46% (1311/2849)
Counting objects:  47% (1340/2849)
Counting objects:  48% (1368/2849)
Counting objects:  49% (1397/2849)
Counting objects:  50% (1425/2849)
Counting objects:  51% (1453/2849)
Counting objects:  52% (1482/2849)
Counting objects:  53% (1510/2849)
Counting objects:  54% (1539/2849)
Counting objects:  55% (1567/2849)
Counting objects:  56% (1596/2849)
Counting objects:  57% (1624/2849)
Counting objects:  58% (1653/2849)
Counting objects:  59% (1681/2849)
Counting objects:  60% (1710/2849)
Counting objects:  61% (1738/2849)
Counting objects:  62% (1767/2849)
Counting objects:  63% (1795/2849)
Counting objects:  64% (1824/2849)
Counting objects:  65% (1852/2849)
Counting objects:  66% (1881/2849)
Counting objects:  67% (1909/2849)
Counting objects:  68% (1938/2849)
Counting objects:  69% (1966/2849)
Counting objects:  70% (1995/2849)
Counting objects:  71% (2023/2849)
Counting objects:  72% (2052/2849)
Counting objects:  73% (2080/2849)
Counting objects:  74% (2109/2849)
Counting objects:  75% (2137/2849)
Counting objects:  76% (2166/2849)
Counting objects:  77% (2194/2849)
Counting objects:  78% (2223/2849)
Counting objects:  79% (2251/2849)
Counting objects:  80% (2280/2849)
Counting objects:  81% (2308/2849)
Counting objects:  82% (2337/2849)
Counting objects:  83% (2365/2849)
Counting objects:  84% (2394/2849)
Counting objects:  85% (2422/2849)
Counting objects:  86% (2451/2849)
Counting objects:  87% (2479/2849)
Counting objects:  88% (2508/2849)
Counting objects:  89% (2536/2849)
Counting objects:  90% (2565/2849)
Counting objects:  91% (2593/2849)
Counting objects:  92% (2622/2849)
Counting objects:  93% (2650/2849)
Counting objects:  94% (2679/2849)
Counting objects:  95% (2707/2849)
Counting objects:  96% (2736/2849)
Counting objects:  97% (2764/2849)
Counting objects:  98% (2793/2849)
Counting objects:  99% (2821/2849)
Counting objects: 100% (2849/2849)
Counting objects: 100% (2849/2849), done.
Compressing objects:   0% (1/779)
Compressing objects:   1% (8/779)
Compressing objects:   2% (16/779)
Compressing objects:   3% (24/779)
Compressing objects:   4% (32/779)
Compressing objects:   5% (39/779)
Compressing objects:   6% (47/779)
Compressing objects:   7% (55/779)
Compressing objects:   8% (63/779)
Compressing objects:   9% (71/779)
Compressing objects:  10% (78/779)
Compressing objects:  11% (86/779)
Compressing objects:  12% (94/779)
Compressing objects:  13% (102/779)
Compressing objects:  14% (110/779)
Compressing objects:  15% (117/779)
Compressing objects:  16% (125/779)
Compressing objects:  17% (133/779)
Compressing objects:  18% (141/779)
Compressing objects:  19% (149/779)
Compressing objects:  20% (156/779)
Compressing objects:  21% (164/779)
Compressing objects:  22% (172/779)
Compressing objects:  23% (180/779)
Compressing objects:  24% (187/779)
Compressing objects:  25% (195/779)
Compressing objects:  26% (203/779)
Compressing objects:  27% (211/779)
Compressing objects:  28% (219/779)
Compressing objects:  29% (226/779)
Compressing objects:  30% (234/779)
Compressing objects:  31% (242/779)
Compressing objects:  32% (250/779)
Compressing objects:  33% (258/779)
Compressing objects:  34% (265/779)
Compressing objects:  35% (273/779)
Compressing objects:  36% (281/779)
Compressing objects:  37% (289/779)
Compressing objects:  38% (297/779)
Compressing objects:  39% (304/779)
Compressing objects:  40% (312/779)
Compressing objects:  41% (320/779)
Compressing objects:  42% (328/779)
Compressing objects:  43% (335/779)
Compressing objects:  44% (343/779)
Compressing objects:  45% (351/779)
Compressing objects:  46% (359/779)
Compressing objects:  47% (367/779)Compressing objects:  48% (374/779)
Compressing objects:  49% (382/779)Compressing objects:  50% (390/779)
Compressing objects:  51% (398/779)
Compressing objects:  52% (406/779)
Compressing objects:  53% (413/779)
Compressing objects:  54% (421/779)
Compressing objects:  55% (429/779)
Compressing objects:  56% (437/779)
Compressing objects:  57% (445/779)
Compressing objects:  58% (452/779)
Compressing objects:  59% (460/779)
Compressing objects:  60% (468/779)
Compressing objects:  61% (476/779)
Compressing objects:  62% (483/779)
Compressing objects:  63% (491/779)
Compressing objects:  64% (499/779)
Compressing objects:  65% (507/779)
Compressing objects:  66% (515/779)
Compressing objects:  67% (522/779)
Compressing objects:  68% (530/779)
Compressing objects:  69% (538/779)
Compressing objects:  70% (546/779)
Compressing objects:  71% (554/779)
Compressing objects:  72% (561/779)
Compressing objects:  73% (569/779)
Compressing objects:  74% (577/779)
Compressing objects:  75% (585/779)
Compressing objects:  76% (593/779)
Compressing objects:  77% (600/779)
Compressing objects:  78% (608/779)
Compressing objects:  79% (616/779)
Compressing objects:  80% (624/779)
Compressing objects:  81% (631/779)
Compressing objects:  82% (639/779)
Compressing objects:  83% (647/779)
Compressing objects:  84% (655/779)
Compressing objects:  85% (663/779)
Compressing objects:  86% (670/779)
Compressing objects:  87% (678/779)
Compressing objects:  88% (686/779)
Compressing objects:  89% (694/779)
Compressing objects:  90% (702/779)
Compressing objects:  91% (709/779)
Compressing objects:  92% (717/779)
Compressing objects:  93% (725/779)Compressing objects:  94% (733/779)
Compressing objects:  95% (741/779)
Compressing objects:  96% (748/779)
Compressing objects:  97% (756/779)
Compressing objects:  98% (764/779)
Compressing objects:  99% (772/779)
Compressing objects: 100% (779/779)
Compressing objects: 100% (779/779), done.
Total 33367 (delta 2207), reused 2441 (delta 2061), pack-reused 30518
