Cloning from https://github.com/Ruud14/SecurityCamera
Enumerating objects: 359, done.
Counting objects:   6% (1/16)
Counting objects:  12% (2/16)
Counting objects:  18% (3/16)
Counting objects:  25% (4/16)
Counting objects:  31% (5/16)
Counting objects:  37% (6/16)
Counting objects:  43% (7/16)
Counting objects:  50% (8/16)
Counting objects:  56% (9/16)
Counting objects:  62% (10/16)
Counting objects:  68% (11/16)
Counting objects:  75% (12/16)
Counting objects:  81% (13/16)Counting objects:  87% (14/16)
Counting objects:  93% (15/16)
Counting objects: 100% (16/16)
Counting objects: 100% (16/16), done.
Compressing objects:   7% (1/14)Compressing objects:  14% (2/14)
Compressing objects:  21% (3/14)
Compressing objects:  28% (4/14)Compressing objects:  35% (5/14)
Compressing objects:  42% (6/14)Compressing objects:  50% (7/14)
Compressing objects:  57% (8/14)
Compressing objects:  64% (9/14)
Compressing objects:  71% (10/14)
Compressing objects:  78% (11/14)Compressing objects:  85% (12/14)
Compressing objects:  92% (13/14)
Compressing objects: 100% (14/14)
Compressing objects: 100% (14/14), done.
Total 359 (delta 7), reused 2 (delta 2), pack-reused 343
